<?xml version="1.0" encoding="UTF-8"?>
<!-- Generated by org.testng.reporters.JUnitReportReporter -->
<testsuite hostname="LAPTOP-A39METFF" failures="0" tests="1" name="com.project.testcase.BankManagerLoginTest" time="1.601" errors="0" timestamp="17 Jan 2023 10:54:37 GMT" skipped="0">
  <testcase classname="com.project.testcase.BankManagerLoginTest" name="loginAsBankManager" time="1.601"/>
</testsuite> <!-- com.project.testcase.BankManagerLoginTest -->
